Using pre-set license
Built from '2021.3/staging' branch; Version is '2021.3.11f1 (0a5ca18544bf) revision 679073'; Using compiler version '192829333'; Build Type 'Release'
OS: 'Windows 10  (10.0.19045) 64bit Core' Language: 'en' Physical Memory: 32698 MB
BatchMode: 1, IsHumanControllingUs: 0, StartBugReporterOnCrash: 0, Is64bit: 1, IsPro: 1

COMMAND LINE ARGUMENTS:
C:\Program Files\Unity\Hub\Editor\2021.3.11f1\Editor\Unity.exe
-adb2
-batchMode
-noUpm
-name
AssetImportWorker0
-projectPath
C:/Users/malik/Desktop/Personal Projects/Games/Space_Shooter_2.5D
-logFile
Logs/AssetImportWorker0.log
-srvPort
55065
Successfully changed project path to: C:/Users/malik/Desktop/Personal Projects/Games/Space_Shooter_2.5D
C:/Users/malik/Desktop/Personal Projects/Games/Space_Shooter_2.5D
[UnityMemory] Configuration Parameters - Can be set up in boot.config
    "memorysetup-bucket-allocator-granularity=16"
    "memorysetup-bucket-allocator-bucket-count=8"
    "memorysetup-bucket-allocator-block-size=33554432"
    "memorysetup-bucket-allocator-block-count=8"
    "memorysetup-main-allocator-block-size=16777216"
    "memorysetup-thread-allocator-block-size=16777216"
    "memorysetup-gfx-main-allocator-block-size=16777216"
    "memorysetup-gfx-thread-allocator-block-size=16777216"
    "memorysetup-cache-allocator-block-size=4194304"
    "memorysetup-typetree-allocator-block-size=2097152"
    "memorysetup-profiler-bucket-allocator-granularity=16"
    "memorysetup-profiler-bucket-allocator-bucket-count=8"
    "memorysetup-profiler-bucket-allocator-block-size=33554432"
    "memorysetup-profiler-bucket-allocator-block-count=8"
    "memorysetup-profiler-allocator-block-size=16777216"
    "memorysetup-profiler-editor-allocator-block-size=1048576"
    "memorysetup-temp-allocator-size-main=16777216"
    "memorysetup-job-temp-allocator-block-size=2097152"
    "memorysetup-job-temp-allocator-block-size-background=1048576"
    "memorysetup-job-temp-allocator-reduction-small-platforms=262144"
    "memorysetup-temp-allocator-size-background-worker=32768"
    "memorysetup-temp-allocator-size-job-worker=262144"
    "memorysetup-temp-allocator-size-preload-manager=33554432"
    "memorysetup-temp-allocator-size-nav-mesh-worker=65536"
    "memorysetup-temp-allocator-size-audio-worker=65536"
    "memorysetup-temp-allocator-size-cloud-worker=32768"
    "memorysetup-temp-allocator-size-gi-baking-worker=262144"
    "memorysetup-temp-allocator-size-gfx=262144"
Refreshing native plugins compatible for Editor in 98.30 ms, found 3 plugins.
Preloading 0 native plugins for Editor in 0.00 ms.
Initialize engine version: 2021.3.11f1 (0a5ca18544bf)
[Subsystems] Discovering subsystems at path C:/Program Files/Unity/Hub/Editor/2021.3.11f1/Editor/Data/Resources/UnitySubsystems
[Subsystems] Discovering subsystems at path C:/Users/malik/Desktop/Personal Projects/Games/Space_Shooter_2.5D/Assets
GfxDevice: creating device client; threaded=0; jobified=0
Direct3D:
    Version:  Direct3D 11.0 [level 11.1]
    Renderer: NVIDIA GeForce GTX 1660 (ID=0x2184)
    Vendor:   NVIDIA
    VRAM:     5991 MB
    Driver:   31.0.15.1694
Initialize mono
Mono path[0] = 'C:/Program Files/Unity/Hub/Editor/2021.3.11f1/Editor/Data/Managed'
Mono path[1] = 'C:/Program Files/Unity/Hub/Editor/2021.3.11f1/Editor/Data/MonoBleedingEdge/lib/mono/unityjit-win32'
Mono config path = 'C:/Program Files/Unity/Hub/Editor/2021.3.11f1/Editor/Data/MonoBleedingEdge/etc'
Using monoOptions --debugger-agent=transport=dt_socket,embedding=1,server=y,suspend=n,address=127.0.0.1:56832
Begin MonoManager ReloadAssembly
Registering precompiled unity dll's ...
Register platform support module: C:/Program Files/Unity/Hub/Editor/2021.3.11f1/Editor/Data/PlaybackEngines/WindowsStandaloneSupport/UnityEditor.WindowsStandalone.Extensions.dll
Registered in 0.014338 seconds.
Native extension for WindowsStandalone target not found
Refreshing native plugins compatible for Editor in 91.81 ms, found 3 plugins.
Preloading 0 native plugins for Editor in 0.00 ms.
Mono: successfully reloaded assembly
- Completed reload, in  0.888 seconds
Domain Reload Profiling:
	ReloadAssembly (889ms)
		BeginReloadAssembly (122ms)
			ExecutionOrderSort (0ms)
			DisableScriptedObjects (0ms)
			BackupInstance (0ms)
			ReleaseScriptingObjects (0ms)
			CreateAndSetChildDomain (1ms)
		EndReloadAssembly (576ms)
			LoadAssemblies (118ms)
			RebuildTransferFunctionScriptingTraits (0ms)
			SetupTypeCache (139ms)
			ReleaseScriptCaches (0ms)
			RebuildScriptCaches (32ms)
			SetupLoadedEditorAssemblies (337ms)
				LogAssemblyErrors (0ms)
				InitializePlatformSupportModulesInManaged (11ms)
				SetLoadedEditorAssemblies (0ms)
				RefreshPlugins (92ms)
				BeforeProcessingInitializeOnLoad (1ms)
				ProcessInitializeOnLoadAttributes (176ms)
				ProcessInitializeOnLoadMethodAttributes (56ms)
				AfterProcessingInitializeOnLoad (0ms)
				EditorAssembliesLoaded (0ms)
			ExecutionOrderSort2 (0ms)
			AwakeInstancesAfterBackupRestoration (0ms)
Platform modules already initialized, skipping
Registering precompiled user dll's ...
Registered in 0.009410 seconds.
Begin MonoManager ReloadAssembly
Symbol file LoadedFromMemory doesn't match image C:\Users\malik\Desktop\Personal Projects\Games\Space_Shooter_2.5D\Library\PackageCache\com.unity.visualscripting@1.7.8\Editor\VisualScripting.Core\Dependencies\YamlDotNet\Unity.VisualScripting.YamlDotNet.dll
Symbol file LoadedFromMemory doesn't match image C:\Users\malik\Desktop\Personal Projects\Games\Space_Shooter_2.5D\Library\PackageCache\com.unity.visualscripting@1.7.8\Editor\VisualScripting.Core\Dependencies\DotNetZip\Unity.VisualScripting.IonicZip.dll
Native extension for WindowsStandalone target not found
Refreshing native plugins compatible for Editor in 0.61 ms, found 3 plugins.
Preloading 0 native plugins for Editor in 0.00 ms.
Mono: successfully reloaded assembly
- Completed reload, in  1.519 seconds
Domain Reload Profiling:
	ReloadAssembly (1520ms)
		BeginReloadAssembly (165ms)
			ExecutionOrderSort (0ms)
			DisableScriptedObjects (8ms)
			BackupInstance (0ms)
			ReleaseScriptingObjects (0ms)
			CreateAndSetChildDomain (25ms)
		EndReloadAssembly (1188ms)
			LoadAssemblies (123ms)
			RebuildTransferFunctionScriptingTraits (0ms)
			SetupTypeCache (343ms)
			ReleaseScriptCaches (1ms)
			RebuildScriptCaches (81ms)
			SetupLoadedEditorAssemblies (579ms)
				LogAssemblyErrors (0ms)
				InitializePlatformSupportModulesInManaged (9ms)
				SetLoadedEditorAssemblies (1ms)
				RefreshPlugins (1ms)
				BeforeProcessingInitializeOnLoad (124ms)
				ProcessInitializeOnLoadAttributes (376ms)
				ProcessInitializeOnLoadMethodAttributes (50ms)
				AfterProcessingInitializeOnLoad (19ms)
				EditorAssembliesLoaded (0ms)
			ExecutionOrderSort2 (0ms)
			AwakeInstancesAfterBackupRestoration (14ms)
Platform modules already initialized, skipping
========================================================================
Worker process is ready to serve import requests
Launched and connected shader compiler UnityShaderCompiler.exe after 0.05 seconds
Refreshing native plugins compatible for Editor in 1.31 ms, found 3 plugins.
Preloading 0 native plugins for Editor in 0.00 ms.
Unloading 3386 Unused Serialized files (Serialized files now loaded: 0)
Unloading 27 unused Assets / (113.9 KB). Loaded Objects now: 3843.
Memory consumption went from 119.2 MB to 119.1 MB.
Total: 3.445300 ms (FindLiveObjects: 0.313200 ms CreateObjectMapping: 0.090400 ms MarkObjects: 2.901400 ms  DeleteObjects: 0.138800 ms)

AssetImportParameters requested are different than current active one (requested -> active):
  custom:video-decoder-ogg-theora: a1e56fd34408186e4bbccfd4996cb3dc -> 
  custom:container-muxer-webm: aa71ff27fc2769a1b78a27578f13a17b -> 
  custom:container-demuxer-webm: 4f35f7cbe854078d1ac9338744f61a02 -> 
  custom:video-encoder-webm-vp8: eb34c28f22e8b96e1ab97ce403110664 -> 
  custom:audio-encoder-webm-vorbis: bf7c407c2cedff20999df2af8eb42d56 -> 
  custom:framework-win-MediaFoundation: 216162199b28c13a410421893ffa2e32 -> 
  custom:container-demuxer-ogg: 62fdf1f143b41e24485cea50d1cbac27 -> 
  custom:video-decoder-webm-vp8: 9c59270c3fd7afecdb556c50c9e8de78 -> 
  custom:audio-decoder-ogg-vorbis: bf7c407c2cedff20999df2af8eb42d56 -> 
========================================================================
Received Import Request.
  Time since last request: 418052.179830 seconds.
  path: Assets/2D-Galaxy-Assets/Sprites/Power_Ups/Triple_Shot/Powerup3_0008_00006.png
  artifactKey: Guid(a58a8d41efafe8343b08c0b7f3b1b916) Importer(815301076,1909f56bfc062723c751e8b465ee728b)
Start importing Assets/2D-Galaxy-Assets/Sprites/Power_Ups/Triple_Shot/Powerup3_0008_00006.png using Guid(a58a8d41efafe8343b08c0b7f3b1b916) Importer(815301076,1909f56bfc062723c751e8b465ee728b)  -> (artifact id: 'bb2a5fb7d0ce99f951b1f1eaef4f7787') in 0.236768 seconds 
========================================================================
Received Import Request.
  Time since last request: 0.000041 seconds.
  path: Assets/2D-Galaxy-Assets/Sprites/Power_Ups/Triple_Shot/Powerup3_0008_00009.png
  artifactKey: Guid(27c59d36a1e7ec540864bea51d49bdaf) Importer(815301076,1909f56bfc062723c751e8b465ee728b)
Start importing Assets/2D-Galaxy-Assets/Sprites/Power_Ups/Triple_Shot/Powerup3_0008_00009.png using Guid(27c59d36a1e7ec540864bea51d49bdaf) Importer(815301076,1909f56bfc062723c751e8b465ee728b)  -> (artifact id: '565d72f81f67d2b3edddc666b6e513b4') in 0.049648 seconds 
========================================================================
Received Import Request.
  Time since last request: 0.000032 seconds.
  path: Assets/2D-Galaxy-Assets/Sprites/Power_Ups/Triple_Shot/Powerup3_0008_00007.png
  artifactKey: Guid(f669da5eb59644649bd06f1af0e73349) Importer(815301076,1909f56bfc062723c751e8b465ee728b)
Start importing Assets/2D-Galaxy-Assets/Sprites/Power_Ups/Triple_Shot/Powerup3_0008_00007.png using Guid(f669da5eb59644649bd06f1af0e73349) Importer(815301076,1909f56bfc062723c751e8b465ee728b)  -> (artifact id: '065c91b80d5ca0740cedf102bbb5155e') in 0.044640 seconds 
========================================================================
Received Import Request.
  Time since last request: 0.000027 seconds.
  path: Assets/2D-Galaxy-Assets/Sprites/Power_Ups/Triple_Shot/Powerup3_0008_00005.png
  artifactKey: Guid(c08087d4d2986fe468456f3736b55019) Importer(815301076,1909f56bfc062723c751e8b465ee728b)
Start importing Assets/2D-Galaxy-Assets/Sprites/Power_Ups/Triple_Shot/Powerup3_0008_00005.png using Guid(c08087d4d2986fe468456f3736b55019) Importer(815301076,1909f56bfc062723c751e8b465ee728b)  -> (artifact id: '9ddf148e2817a9e83c5edadbba29a7ee') in 0.051513 seconds 
========================================================================
Received Import Request.
  Time since last request: 0.000025 seconds.
  path: Assets/2D-Galaxy-Assets/Sprites/Power_Ups/Triple_Shot/Powerup3_0008_00010.png
  artifactKey: Guid(95c617d16f9b8a9448ac5779db6e4c68) Importer(815301076,1909f56bfc062723c751e8b465ee728b)
Start importing Assets/2D-Galaxy-Assets/Sprites/Power_Ups/Triple_Shot/Powerup3_0008_00010.png using Guid(95c617d16f9b8a9448ac5779db6e4c68) Importer(815301076,1909f56bfc062723c751e8b465ee728b)  -> (artifact id: '58b145d58f5ee26e4baf15b743fd6db9') in 0.044386 seconds 
========================================================================
Received Import Request.
  Time since last request: 0.000027 seconds.
  path: Assets/2D-Galaxy-Assets/Sprites/Power_Ups/Triple_Shot/Powerup3_0008_00002.png
  artifactKey: Guid(042b929092df468479c9d6475c1883fb) Importer(815301076,1909f56bfc062723c751e8b465ee728b)
Start importing Assets/2D-Galaxy-Assets/Sprites/Power_Ups/Triple_Shot/Powerup3_0008_00002.png using Guid(042b929092df468479c9d6475c1883fb) Importer(815301076,1909f56bfc062723c751e8b465ee728b)  -> (artifact id: '2b9a8f0ad96a73ca7c28d9fc2b0dde32') in 0.046880 seconds 
========================================================================
Received Import Request.
  Time since last request: 0.000032 seconds.
  path: Assets/2D-Galaxy-Assets/Sprites/Power_Ups/Triple_Shot/Powerup3_0008_00015.png
  artifactKey: Guid(203a96b1228f08f4e8f7e2a4f756a0df) Importer(815301076,1909f56bfc062723c751e8b465ee728b)
Start importing Assets/2D-Galaxy-Assets/Sprites/Power_Ups/Triple_Shot/Powerup3_0008_00015.png using Guid(203a96b1228f08f4e8f7e2a4f756a0df) Importer(815301076,1909f56bfc062723c751e8b465ee728b)  -> (artifact id: '2e4b49b93358cb3ebebc23a70a8d3b93') in 0.049013 seconds 
========================================================================
Received Import Request.
  Time since last request: 0.000033 seconds.
  path: Assets/2D-Galaxy-Assets/Sprites/Power_Ups/Triple_Shot/Powerup3_0008_00001.png
  artifactKey: Guid(94af496add7d99549a0a09e585214f18) Importer(815301076,1909f56bfc062723c751e8b465ee728b)
Start importing Assets/2D-Galaxy-Assets/Sprites/Power_Ups/Triple_Shot/Powerup3_0008_00001.png using Guid(94af496add7d99549a0a09e585214f18) Importer(815301076,1909f56bfc062723c751e8b465ee728b)  -> (artifact id: '01379ebbdee584107319603b974b0e5a') in 0.048087 seconds 
========================================================================
Received Import Request.
  Time since last request: 0.000046 seconds.
  path: Assets/2D-Galaxy-Assets/Sprites/Power_Ups/Triple_Shot/Powerup3_0008_00000.png
  artifactKey: Guid(ed6681d697652144a913093bf7ad1d43) Importer(815301076,1909f56bfc062723c751e8b465ee728b)
Start importing Assets/2D-Galaxy-Assets/Sprites/Power_Ups/Triple_Shot/Powerup3_0008_00000.png using Guid(ed6681d697652144a913093bf7ad1d43) Importer(815301076,1909f56bfc062723c751e8b465ee728b)  -> (artifact id: '229ee3f11fbf41bf3515acca1d24427c') in 0.038193 seconds 
Editor requested this worker to shutdown with reason: Scaling down because of idle timeout
AssetImportWorker is now disconnected from the server
Process exiting
Exiting without the bug reporter. Application will terminate with return code 0